<?xml version="1.0" encoding="UTF-8"?>
<testng-results skipped="0" failed="0" ignored="0" total="1" passed="1">
  <reporter-output>
  </reporter-output>
  <suite name="Default suite" duration-ms="30557" started-at="2018-12-26T09:15:08Z" finished-at="2018-12-26T09:15:38Z">
    <groups>
    </groups>
    <test name="Default test" duration-ms="30557" started-at="2018-12-26T09:15:08Z" finished-at="2018-12-26T09:15:38Z">
      <class name="com.pom.script.TestScript1">
        <test-method status="PASS" signature="setup()[pri:0, instance:com.pom.script.TestScript1@5700d6b1]" name="setup" is-config="true" duration-ms="151" started-at="2018-12-26T09:15:07Z" finished-at="2018-12-26T09:15:08Z">
          <reporter-output>
          </reporter-output>
        </test-method> <!-- setup -->
        <test-method status="PASS" signature="config()[pri:0, instance:com.pom.script.TestScript1@5700d6b1]" name="config" is-config="true" duration-ms="23368" started-at="2018-12-26T09:15:08Z" finished-at="2018-12-26T09:15:31Z">
          <reporter-output>
          </reporter-output>
        </test-method> <!-- config -->
        <test-method status="PASS" signature="testMethod()[pri:0, instance:com.pom.script.TestScript1@5700d6b1]" name="testMethod" duration-ms="6925" started-at="2018-12-26T09:15:31Z" finished-at="2018-12-26T09:15:38Z">
          <reporter-output>
          </reporter-output>
        </test-method> <!-- testMethod -->
      </class> <!-- com.pom.script.TestScript1 -->
    </test> <!-- Default test -->
  </suite> <!-- Default suite -->
</testng-results>
